<?xml version="1.0" encoding="UTF-8"?>
<testsuite xmlns:xsi="http://www.w3.org/2001/XMLSchema-instance" xsi:noNamespaceSchemaLocation="https://maven.apache.org/surefire/maven-surefire-plugin/xsd/surefire-test-report.xsd" version="3.0.2" name="controller.CidadeControllerTest" time="0.365" tests="6" errors="0" skipped="0" failures="0">
  <properties>
[...]
</properties>
  <testcase name="findCidade_WithEstadoIdOnly_ReturnsFilteredList" classname="controller.CidadeControllerTest" time="0.215"/>
  <testcase name="detailCidade_WhenCidadeNotExists_ReturnsNotFound" classname="controller.CidadeControllerTest" time="0.013"/>
  <testcase name="detailCidade_WhenCidadeExists_ReturnsOkWithCidade" classname="controller.CidadeControllerTest" time="0.01"/>
  <testcase name="findCidade_WithNomeAndEstadoId_ReturnsFilteredList" classname="controller.CidadeControllerTest" time="0.063"/>
  <testcase name="findCidade_WithNoParameters_ReturnsAllCidades" classname="controller.CidadeControllerTest" time="0.007"/>
  <testcase name="findCidade_WithNomeOnly_ReturnsFilteredList" classname="controller.CidadeControllerTest" time="0.029"/>
</testsuite>